#! /c/Source/iverilog-install/bin/vvp
:ivl_version "12.0 (devel)" "(s20150603-1539-g2693dd32b)";
:ivl_delay_selection "TYPICAL";
:vpi_time_precision + 0;
:vpi_module "C:\iverilog\lib\ivl\system.vpi";
:vpi_module "C:\iverilog\lib\ivl\vhdl_sys.vpi";
:vpi_module "C:\iverilog\lib\ivl\vhdl_textio.vpi";
:vpi_module "C:\iverilog\lib\ivl\v2005_math.vpi";
:vpi_module "C:\iverilog\lib\ivl\va_math.vpi";
S_0000027aa9afedd0 .scope module, "add" "add" 2 5;
 .timescale 0 0;
v0000027aa9943290_0 .var "x", 0 0;
v0000027aa9975400_0 .net "y", 0 0, L_0000027aa9afef60;  1 drivers
v0000027aa99754a0_0 .var "z", 0 0;
S_0000027aa9975270 .scope module, "instance0" "fun" 2 8, 2 1 0, S_0000027aa9afedd0;
 .timescale 0 0;
    .port_info 0 /OUTPUT 1 "y";
    .port_info 1 /INPUT 1 "x";
    .port_info 2 /INPUT 1 "z";
L_0000027aa9afef60 .functor XOR 1, v0000027aa9943290_0, v0000027aa99754a0_0, C4<0>, C4<0>;
v0000027aa9943070_0 .net "x", 0 0, v0000027aa9943290_0;  1 drivers
v0000027aa9942bf0_0 .net "y", 0 0, L_0000027aa9afef60;  alias, 1 drivers
v0000027aa9942e50_0 .net "z", 0 0, v0000027aa99754a0_0;  1 drivers
    .scope S_0000027aa9afedd0;
T_0 ;
    %vpi_call 2 10 "$dumpfile", "hello.vcd" {0 0 0};
    %vpi_call 2 11 "$dumpvars", 32'sb00000000000000000000000000000001 {0 0 0};
    %vpi_call 2 12 "$display", "and gate\012 x y z" {0 0 0};
    %vpi_call 2 13 "$monitor", v0000027aa9943290_0, " ", v0000027aa99754a0_0, " ", v0000027aa9975400_0, " " {0 0 0};
    %pushi/vec4 0, 0, 1;
    %store/vec4 v0000027aa9943290_0, 0, 1;
    %pushi/vec4 0, 0, 1;
    %store/vec4 v0000027aa99754a0_0, 0, 1;
    %delay 1, 0;
    %pushi/vec4 0, 0, 1;
    %store/vec4 v0000027aa9943290_0, 0, 1;
    %pushi/vec4 1, 0, 1;
    %store/vec4 v0000027aa99754a0_0, 0, 1;
    %delay 1, 0;
    %pushi/vec4 1, 0, 1;
    %store/vec4 v0000027aa9943290_0, 0, 1;
    %pushi/vec4 0, 0, 1;
    %store/vec4 v0000027aa99754a0_0, 0, 1;
    %delay 1, 0;
    %pushi/vec4 1, 0, 1;
    %store/vec4 v0000027aa9943290_0, 0, 1;
    %pushi/vec4 1, 0, 1;
    %store/vec4 v0000027aa99754a0_0, 0, 1;
    %delay 1, 0;
    %end;
    .thread T_0;
# The file index is used to find the file name in the following table.
:file_names 3;
    "N/A";
    "<interactive>";
    "add.v";
