#! /c/Source/iverilog-install/bin/vvp
:ivl_version "12.0 (devel)" "(s20150603-1539-g2693dd32b)";
:ivl_delay_selection "TYPICAL";
:vpi_time_precision + 0;
:vpi_module "C:\iverilog\lib\ivl\system.vpi";
:vpi_module "C:\iverilog\lib\ivl\vhdl_sys.vpi";
:vpi_module "C:\iverilog\lib\ivl\vhdl_textio.vpi";
:vpi_module "C:\iverilog\lib\ivl\v2005_math.vpi";
:vpi_module "C:\iverilog\lib\ivl\va_math.vpi";
S_000001cb15246300 .scope module, "binary_to_grey" "binary_to_grey" 2 8;
 .timescale 0 0;
v000001cb152435e0_0 .var "b", 3 0;
v000001cb15243d60_0 .net "g", 3 0, L_000001cb15243680;  1 drivers
S_000001cb15246490 .scope module, "instance0" "bin2gre" 2 11, 2 3 0, S_000001cb15246300;
 .timescale 0 0;
    .port_info 0 /OUTPUT 4 "g";
    .port_info 1 /INPUT 4 "b";
L_000001cb151fe9b0 .functor XOR 1, L_000001cb152437c0, L_000001cb15243ae0, C4<0>, C4<0>;
L_000001cb151fecc0 .functor XOR 1, L_000001cb15243400, L_000001cb15243900, C4<0>, C4<0>;
L_000001cb151fea20 .functor XOR 1, L_000001cb15243fe0, L_000001cb15243720, C4<0>, C4<0>;
v000001cb15212eb0_0 .net *"_ivl_10", 0 0, L_000001cb15243ae0;  1 drivers
v000001cb151fb050_0 .net *"_ivl_12", 0 0, L_000001cb151fecc0;  1 drivers
v000001cb15246620_0 .net *"_ivl_15", 0 0, L_000001cb15243400;  1 drivers
v000001cb152466c0_0 .net *"_ivl_17", 0 0, L_000001cb15243900;  1 drivers
v000001cb15243090_0 .net *"_ivl_19", 0 0, L_000001cb151fea20;  1 drivers
v000001cb15243130_0 .net *"_ivl_23", 0 0, L_000001cb15243fe0;  1 drivers
v000001cb152431d0_0 .net *"_ivl_25", 0 0, L_000001cb15243720;  1 drivers
v000001cb15244080_0 .net *"_ivl_3", 0 0, L_000001cb15243b80;  1 drivers
v000001cb15243860_0 .net *"_ivl_5", 0 0, L_000001cb151fe9b0;  1 drivers
v000001cb15243540_0 .net *"_ivl_8", 0 0, L_000001cb152437c0;  1 drivers
v000001cb15243a40_0 .net "b", 3 0, v000001cb152435e0_0;  1 drivers
v000001cb152432c0_0 .net "g", 3 0, L_000001cb15243680;  alias, 1 drivers
L_000001cb15243b80 .part v000001cb152435e0_0, 3, 1;
L_000001cb152437c0 .part v000001cb152435e0_0, 3, 1;
L_000001cb15243ae0 .part v000001cb152435e0_0, 2, 1;
L_000001cb15243400 .part v000001cb152435e0_0, 1, 1;
L_000001cb15243900 .part v000001cb152435e0_0, 2, 1;
L_000001cb15243680 .concat8 [ 1 1 1 1], L_000001cb151fea20, L_000001cb151fecc0, L_000001cb151fe9b0, L_000001cb15243b80;
L_000001cb15243fe0 .part v000001cb152435e0_0, 1, 1;
L_000001cb15243720 .part v000001cb152435e0_0, 0, 1;
    .scope S_000001cb15246300;
T_0 ;
    %vpi_call 2 13 "$dumpfile", "hel.vcd" {0 0 0};
    %vpi_call 2 14 "$dumpvars", 32'sb00000000000000000000000000000001 {0 0 0};
    %vpi_call 2 15 "$display", " Binary to grey" {0 0 0};
    %vpi_call 2 16 "$monitor", " %b  %b", v000001cb152435e0_0, v000001cb15243d60_0 {0 0 0};
    %pushi/vec4 0, 0, 4;
    %store/vec4 v000001cb152435e0_0, 0, 4;
    %delay 1, 0;
    %pushi/vec4 1, 0, 4;
    %store/vec4 v000001cb152435e0_0, 0, 4;
    %delay 1, 0;
    %pushi/vec4 2, 0, 4;
    %store/vec4 v000001cb152435e0_0, 0, 4;
    %delay 1, 0;
    %pushi/vec4 3, 0, 4;
    %store/vec4 v000001cb152435e0_0, 0, 4;
    %delay 1, 0;
    %pushi/vec4 4, 0, 4;
    %store/vec4 v000001cb152435e0_0, 0, 4;
    %delay 1, 0;
    %pushi/vec4 5, 0, 4;
    %store/vec4 v000001cb152435e0_0, 0, 4;
    %delay 1, 0;
    %pushi/vec4 6, 0, 4;
    %store/vec4 v000001cb152435e0_0, 0, 4;
    %delay 1, 0;
    %pushi/vec4 7, 0, 4;
    %store/vec4 v000001cb152435e0_0, 0, 4;
    %delay 1, 0;
    %pushi/vec4 8, 0, 4;
    %store/vec4 v000001cb152435e0_0, 0, 4;
    %delay 1, 0;
    %pushi/vec4 9, 0, 4;
    %store/vec4 v000001cb152435e0_0, 0, 4;
    %delay 1, 0;
    %pushi/vec4 10, 0, 4;
    %store/vec4 v000001cb152435e0_0, 0, 4;
    %delay 1, 0;
    %pushi/vec4 11, 0, 4;
    %store/vec4 v000001cb152435e0_0, 0, 4;
    %delay 1, 0;
    %pushi/vec4 12, 0, 4;
    %store/vec4 v000001cb152435e0_0, 0, 4;
    %delay 1, 0;
    %pushi/vec4 13, 0, 4;
    %store/vec4 v000001cb152435e0_0, 0, 4;
    %delay 1, 0;
    %pushi/vec4 14, 0, 4;
    %store/vec4 v000001cb152435e0_0, 0, 4;
    %delay 1, 0;
    %pushi/vec4 15, 0, 4;
    %store/vec4 v000001cb152435e0_0, 0, 4;
    %delay 1, 0;
    %end;
    .thread T_0;
# The file index is used to find the file name in the following table.
:file_names 3;
    "N/A";
    "<interactive>";
    "binary_to_grey.v";
