#! /c/Source/iverilog-install/bin/vvp
:ivl_version "12.0 (devel)" "(s20150603-1539-g2693dd32b)";
:ivl_delay_selection "TYPICAL";
:vpi_time_precision + 0;
:vpi_module "C:\iverilog\lib\ivl\system.vpi";
:vpi_module "C:\iverilog\lib\ivl\vhdl_sys.vpi";
:vpi_module "C:\iverilog\lib\ivl\vhdl_textio.vpi";
:vpi_module "C:\iverilog\lib\ivl\v2005_math.vpi";
:vpi_module "C:\iverilog\lib\ivl\va_math.vpi";
S_000001b1fe5cd560 .scope module, "mag_comp" "mag_comp" 2 21;
 .timescale 0 0;
v000001b1fe5cb950_0 .var "a", 1 0;
v000001b1fe5cb9f0_0 .var "b", 1 0;
v000001b1fe5cba90_0 .net "eq", 0 0, v000001b1fe5cd880_0;  1 drivers
v000001b1fe5cbb30_0 .net "gt", 0 0, v000001b1fe5cd920_0;  1 drivers
v000001b1fe5cbbd0_0 .net "lt", 0 0, v000001b1fe5cb8b0_0;  1 drivers
S_000001b1fe5cd6f0 .scope module, "gate" "funn" 2 24, 2 1 0, S_000001b1fe5cd560;
 .timescale 0 0;
    .port_info 0 /INPUT 2 "a";
    .port_info 1 /INPUT 2 "b";
    .port_info 2 /OUTPUT 1 "eq";
    .port_info 3 /OUTPUT 1 "lt";
    .port_info 4 /OUTPUT 1 "gt";
v000001b1fe50adf0_0 .net "a", 1 0, v000001b1fe5cb950_0;  1 drivers
v000001b1fe5cb0a0_0 .net "b", 1 0, v000001b1fe5cb9f0_0;  1 drivers
v000001b1fe5cd880_0 .var "eq", 0 0;
v000001b1fe5cd920_0 .var "gt", 0 0;
v000001b1fe5cb8b0_0 .var "lt", 0 0;
E_000001b1fe5c8e20 .event anyedge, v000001b1fe5cb0a0_0, v000001b1fe50adf0_0;
    .scope S_000001b1fe5cd6f0;
T_0 ;
    %wait E_000001b1fe5c8e20;
    %load/vec4 v000001b1fe50adf0_0;
    %load/vec4 v000001b1fe5cb0a0_0;
    %cmp/e;
    %jmp/0xz  T_0.0, 4;
    %pushi/vec4 1, 0, 1;
    %store/vec4 v000001b1fe5cd880_0, 0, 1;
    %pushi/vec4 0, 0, 1;
    %store/vec4 v000001b1fe5cb8b0_0, 0, 1;
    %pushi/vec4 0, 0, 1;
    %store/vec4 v000001b1fe5cd920_0, 0, 1;
    %jmp T_0.1;
T_0.0 ;
    %load/vec4 v000001b1fe5cb0a0_0;
    %load/vec4 v000001b1fe50adf0_0;
    %cmp/u;
    %jmp/0xz  T_0.2, 5;
    %pushi/vec4 0, 0, 1;
    %store/vec4 v000001b1fe5cd880_0, 0, 1;
    %pushi/vec4 0, 0, 1;
    %store/vec4 v000001b1fe5cb8b0_0, 0, 1;
    %pushi/vec4 1, 0, 1;
    %store/vec4 v000001b1fe5cd920_0, 0, 1;
    %jmp T_0.3;
T_0.2 ;
    %pushi/vec4 0, 0, 1;
    %store/vec4 v000001b1fe5cd880_0, 0, 1;
    %pushi/vec4 1, 0, 1;
    %store/vec4 v000001b1fe5cb8b0_0, 0, 1;
    %pushi/vec4 0, 0, 1;
    %store/vec4 v000001b1fe5cd920_0, 0, 1;
T_0.3 ;
T_0.1 ;
    %jmp T_0;
    .thread T_0, $push;
    .scope S_000001b1fe5cd560;
T_1 ;
    %vpi_call 2 26 "$dumpfile", "mag.vcd" {0 0 0};
    %vpi_call 2 27 "$dumpvars", 32'sb00000000000000000000000000000001 {0 0 0};
    %vpi_call 2 28 "$display", " magnitude comparator\012 a b eq lt gt " {0 0 0};
    %vpi_call 2 29 "$monitor", " %b %b %b %b %b ", v000001b1fe5cb950_0, v000001b1fe5cb9f0_0, v000001b1fe5cba90_0, v000001b1fe5cbbd0_0, v000001b1fe5cbb30_0 {0 0 0};
    %pushi/vec4 0, 0, 2;
    %store/vec4 v000001b1fe5cb950_0, 0, 2;
    %pushi/vec4 0, 0, 2;
    %store/vec4 v000001b1fe5cb9f0_0, 0, 2;
    %delay 1, 0;
    %pushi/vec4 0, 0, 2;
    %store/vec4 v000001b1fe5cb950_0, 0, 2;
    %pushi/vec4 1, 0, 2;
    %store/vec4 v000001b1fe5cb9f0_0, 0, 2;
    %delay 1, 0;
    %pushi/vec4 1, 0, 2;
    %store/vec4 v000001b1fe5cb950_0, 0, 2;
    %pushi/vec4 0, 0, 2;
    %store/vec4 v000001b1fe5cb9f0_0, 0, 2;
    %delay 1, 0;
    %pushi/vec4 1, 0, 2;
    %store/vec4 v000001b1fe5cb950_0, 0, 2;
    %pushi/vec4 1, 0, 2;
    %store/vec4 v000001b1fe5cb9f0_0, 0, 2;
    %delay 1, 0;
    %end;
    .thread T_1;
# The file index is used to find the file name in the following table.
:file_names 3;
    "N/A";
    "<interactive>";
    "mag_comp.v";
