#! /c/Source/iverilog-install/bin/vvp
:ivl_version "12.0 (devel)" "(s20150603-1539-g2693dd32b)";
:ivl_delay_selection "TYPICAL";
:vpi_time_precision + 0;
:vpi_module "C:\iverilog\lib\ivl\system.vpi";
:vpi_module "C:\iverilog\lib\ivl\vhdl_sys.vpi";
:vpi_module "C:\iverilog\lib\ivl\vhdl_textio.vpi";
:vpi_module "C:\iverilog\lib\ivl\v2005_math.vpi";
:vpi_module "C:\iverilog\lib\ivl\va_math.vpi";
S_00000272864b95c0 .scope module, "main" "main" 2 8;
 .timescale 0 0;
v00000272864bbbc0_0 .var "a", 0 0;
v00000272864bbc60_0 .var "b", 0 0;
v00000272864bbd00_0 .var "c", 0 0;
v00000272864bbda0_0 .net "x", 0 0, L_000002728654f6a0;  1 drivers
v00000272865037d0_0 .net "y", 0 0, L_000002728654f400;  1 drivers
S_0000027286506820 .scope module, "instance0" "fun" 2 11, 2 1 0, S_00000272864b95c0;
 .timescale 0 0;
    .port_info 0 /OUTPUT 1 "x";
    .port_info 1 /OUTPUT 1 "y";
    .port_info 2 /INPUT 1 "a";
    .port_info 3 /INPUT 1 "b";
    .port_info 4 /INPUT 1 "c";
L_0000027286506c30 .functor AND 1, v00000272864bbbc0_0, v00000272864bbc60_0, C4<1>, C4<1>;
L_00000272864b9330 .functor AND 1, v00000272864bbc60_0, v00000272864bbd00_0, C4<1>, C4<1>;
L_00000272864d3180 .functor AND 1, v00000272864bbd00_0, v00000272864bbbc0_0, C4<1>, C4<1>;
L_000002728654f6a0 .functor XOR 1, v00000272864bbbc0_0, v00000272864bbc60_0, v00000272864bbd00_0, C4<0>;
L_000002728654f400 .functor OR 1, L_0000027286506c30, L_00000272864b9330, L_00000272864d3180, C4<0>;
v00000272864d2d40_0 .net "a", 0 0, v00000272864bbbc0_0;  1 drivers
v00000272864d2ae0_0 .net "b", 0 0, v00000272864bbc60_0;  1 drivers
v00000272865069b0_0 .net "c", 0 0, v00000272864bbd00_0;  1 drivers
v0000027286506a50_0 .net "t1", 0 0, L_0000027286506c30;  1 drivers
v0000027286506af0_0 .net "t2", 0 0, L_00000272864b9330;  1 drivers
v0000027286506b90_0 .net "t3", 0 0, L_00000272864d3180;  1 drivers
v00000272864bba80_0 .net "x", 0 0, L_000002728654f6a0;  alias, 1 drivers
v00000272864bbb20_0 .net "y", 0 0, L_000002728654f400;  alias, 1 drivers
    .scope S_00000272864b95c0;
T_0 ;
    %vpi_call 2 13 "$dumpfile", "outp.vcd" {0 0 0};
    %vpi_call 2 14 "$dumpvars", 32'sb00000000000000000000000000000001 {0 0 0};
    %vpi_call 2 15 "$display", "Function\012 a b c   s  c" {0 0 0};
    %vpi_call 2 16 "$monitor", v00000272864bbbc0_0, " ", v00000272864bbc60_0, " ", v00000272864bbd00_0, "  ", v00000272864bbda0_0, "  ", v00000272865037d0_0 {0 0 0};
    %pushi/vec4 0, 0, 1;
    %store/vec4 v00000272864bbbc0_0, 0, 1;
    %pushi/vec4 0, 0, 1;
    %store/vec4 v00000272864bbc60_0, 0, 1;
    %pushi/vec4 0, 0, 1;
    %store/vec4 v00000272864bbd00_0, 0, 1;
    %delay 1, 0;
    %pushi/vec4 0, 0, 1;
    %store/vec4 v00000272864bbbc0_0, 0, 1;
    %pushi/vec4 0, 0, 1;
    %store/vec4 v00000272864bbc60_0, 0, 1;
    %pushi/vec4 1, 0, 1;
    %store/vec4 v00000272864bbd00_0, 0, 1;
    %delay 1, 0;
    %pushi/vec4 0, 0, 1;
    %store/vec4 v00000272864bbbc0_0, 0, 1;
    %pushi/vec4 1, 0, 1;
    %store/vec4 v00000272864bbc60_0, 0, 1;
    %pushi/vec4 0, 0, 1;
    %store/vec4 v00000272864bbd00_0, 0, 1;
    %delay 1, 0;
    %pushi/vec4 0, 0, 1;
    %store/vec4 v00000272864bbbc0_0, 0, 1;
    %pushi/vec4 1, 0, 1;
    %store/vec4 v00000272864bbc60_0, 0, 1;
    %pushi/vec4 1, 0, 1;
    %store/vec4 v00000272864bbd00_0, 0, 1;
    %delay 1, 0;
    %pushi/vec4 1, 0, 1;
    %store/vec4 v00000272864bbbc0_0, 0, 1;
    %pushi/vec4 0, 0, 1;
    %store/vec4 v00000272864bbc60_0, 0, 1;
    %pushi/vec4 0, 0, 1;
    %store/vec4 v00000272864bbd00_0, 0, 1;
    %delay 1, 0;
    %pushi/vec4 1, 0, 1;
    %store/vec4 v00000272864bbbc0_0, 0, 1;
    %pushi/vec4 0, 0, 1;
    %store/vec4 v00000272864bbc60_0, 0, 1;
    %pushi/vec4 1, 0, 1;
    %store/vec4 v00000272864bbd00_0, 0, 1;
    %delay 1, 0;
    %pushi/vec4 1, 0, 1;
    %store/vec4 v00000272864bbbc0_0, 0, 1;
    %pushi/vec4 1, 0, 1;
    %store/vec4 v00000272864bbc60_0, 0, 1;
    %pushi/vec4 0, 0, 1;
    %store/vec4 v00000272864bbd00_0, 0, 1;
    %delay 1, 0;
    %pushi/vec4 1, 0, 1;
    %store/vec4 v00000272864bbbc0_0, 0, 1;
    %pushi/vec4 1, 0, 1;
    %store/vec4 v00000272864bbc60_0, 0, 1;
    %pushi/vec4 1, 0, 1;
    %store/vec4 v00000272864bbd00_0, 0, 1;
    %delay 1, 0;
    %end;
    .thread T_0;
# The file index is used to find the file name in the following table.
:file_names 3;
    "N/A";
    "<interactive>";
    "main.v";
