#! /c/Source/iverilog-install/bin/vvp
:ivl_version "12.0 (devel)" "(s20150603-1539-g2693dd32b)";
:ivl_delay_selection "TYPICAL";
:vpi_time_precision + 0;
:vpi_module "C:\iverilog\lib\ivl\system.vpi";
:vpi_module "C:\iverilog\lib\ivl\vhdl_sys.vpi";
:vpi_module "C:\iverilog\lib\ivl\vhdl_textio.vpi";
:vpi_module "C:\iverilog\lib\ivl\v2005_math.vpi";
:vpi_module "C:\iverilog\lib\ivl\va_math.vpi";
S_0000017320ee5340 .scope module, "mag" "mag" 2 23;
 .timescale 0 0;
v0000017320ec2a90_0 .var "a", 0 0;
v0000017320f3b820_0 .var "b", 0 0;
v0000017320f3b8c0_0 .net "eq", 0 0, v0000017320ec28b0_0;  1 drivers
v0000017320f3b960_0 .net "gt", 0 0, v0000017320ec2950_0;  1 drivers
v0000017320f3ba00_0 .net "lt", 0 0, v0000017320ec29f0_0;  1 drivers
S_0000017320ec2720 .scope module, "gate" "ree" 2 26, 2 1 0, S_0000017320ee5340;
 .timescale 0 0;
    .port_info 0 /INPUT 1 "a";
    .port_info 1 /INPUT 1 "b";
    .port_info 2 /OUTPUT 1 "eq";
    .port_info 3 /OUTPUT 1 "lt";
    .port_info 4 /OUTPUT 1 "gt";
v0000017320ee54d0_0 .net "a", 0 0, v0000017320ec2a90_0;  1 drivers
v000001732102bed0_0 .net "b", 0 0, v0000017320f3b820_0;  1 drivers
v0000017320ec28b0_0 .var "eq", 0 0;
v0000017320ec2950_0 .var "gt", 0 0;
v0000017320ec29f0_0 .var "lt", 0 0;
E_0000017321028350 .event anyedge, v000001732102bed0_0, v0000017320ee54d0_0;
    .scope S_0000017320ec2720;
T_0 ;
    %wait E_0000017321028350;
    %load/vec4 v0000017320ee54d0_0;
    %load/vec4 v000001732102bed0_0;
    %cmp/e;
    %jmp/0xz  T_0.0, 4;
    %pushi/vec4 1, 0, 1;
    %store/vec4 v0000017320ec28b0_0, 0, 1;
    %pushi/vec4 0, 0, 1;
    %store/vec4 v0000017320ec29f0_0, 0, 1;
    %pushi/vec4 0, 0, 1;
    %store/vec4 v0000017320ec2950_0, 0, 1;
    %jmp T_0.1;
T_0.0 ;
    %load/vec4 v0000017320ee54d0_0;
    %load/vec4 v000001732102bed0_0;
    %cmp/u;
    %jmp/0xz  T_0.2, 5;
    %pushi/vec4 0, 0, 1;
    %store/vec4 v0000017320ec28b0_0, 0, 1;
    %pushi/vec4 1, 0, 1;
    %store/vec4 v0000017320ec29f0_0, 0, 1;
    %pushi/vec4 0, 0, 1;
    %store/vec4 v0000017320ec2950_0, 0, 1;
    %jmp T_0.3;
T_0.2 ;
    %pushi/vec4 0, 0, 1;
    %store/vec4 v0000017320ec28b0_0, 0, 1;
    %pushi/vec4 0, 0, 1;
    %store/vec4 v0000017320ec29f0_0, 0, 1;
    %pushi/vec4 1, 0, 1;
    %store/vec4 v0000017320ec2950_0, 0, 1;
T_0.3 ;
T_0.1 ;
    %jmp T_0;
    .thread T_0, $push;
    .scope S_0000017320ee5340;
T_1 ;
    %vpi_call 2 28 "$dumpfile", "magni.vcd" {0 0 0};
    %vpi_call 2 29 "$dumpvars", 32'sb00000000000000000000000000000001 {0 0 0};
    %vpi_call 2 30 "$display", "Magnitude comparator\012 a b eq lt gt" {0 0 0};
    %vpi_call 2 31 "$monitor", " %b %b %b %b %b", v0000017320ec2a90_0, v0000017320f3b820_0, v0000017320f3b8c0_0, v0000017320f3ba00_0, v0000017320f3b960_0 {0 0 0};
    %pushi/vec4 0, 0, 1;
    %store/vec4 v0000017320ec2a90_0, 0, 1;
    %pushi/vec4 0, 0, 1;
    %store/vec4 v0000017320f3b820_0, 0, 1;
    %delay 1, 0;
    %pushi/vec4 0, 0, 1;
    %store/vec4 v0000017320ec2a90_0, 0, 1;
    %pushi/vec4 1, 0, 1;
    %store/vec4 v0000017320f3b820_0, 0, 1;
    %delay 1, 0;
    %pushi/vec4 1, 0, 1;
    %store/vec4 v0000017320ec2a90_0, 0, 1;
    %pushi/vec4 0, 0, 1;
    %store/vec4 v0000017320f3b820_0, 0, 1;
    %delay 1, 0;
    %pushi/vec4 1, 0, 1;
    %store/vec4 v0000017320ec2a90_0, 0, 1;
    %pushi/vec4 1, 0, 1;
    %store/vec4 v0000017320f3b820_0, 0, 1;
    %delay 1, 0;
    %end;
    .thread T_1;
# The file index is used to find the file name in the following table.
:file_names 3;
    "N/A";
    "<interactive>";
    "twomag.v";
